<?xml version="1.0" encoding="UTF-8"?>
<!-- Generated by org.testng.reporters.JUnitXMLReporter -->
<testsuite hostname="BLRDSPRASAD" ignored="31" name="GRP-demo" tests="3" failures="1" timestamp="22 Apr 2019 11:41:51 GMT" time="140.387" errors="0">
  <testcase name="verificationOfUseTravellerDetailsFromPNROnStep3OnlineRatesAmadeusPNR" time="42.288" classname="com.hotelhub.powermode.tests.RegressionTest">
    <failure type="org.openqa.selenium.NoSuchElementException" message="no such element: Unable to locate element: {&amp;quot;method&amp;quot;:&amp;quot;id&amp;quot;,&amp;quot;selector&amp;quot;:&amp;quot;1_FirstName&amp;quot;}
  (Session info: chrome=71.0.3578.98)
  (Driver info: chromedriver=2.46.628402 (536cd7adbad73a3783fdc2cab92ab2ba7ec361e1),platform=Windows NT 6.1.7601 SP1 x86_64) (WARNING: The server did not provide any stacktrace information)
Command duration or timeout: 0 milliseconds
For documentation on this error, please visit: http://seleniumhq.org/exceptions/no_such_element.html
Build info: version: &amp;apos;3.11.0&amp;apos;, revision: &amp;apos;e59cfb3&amp;apos;, time: &amp;apos;2018-03-11T20:26:55.152Z&amp;apos;
System info: host: &amp;apos;BLRDSPRASAD&amp;apos;, ip: &amp;apos;10.201.70.132&amp;apos;, os.name: &amp;apos;Windows 7&amp;apos;, os.arch: &amp;apos;amd64&amp;apos;, os.version: &amp;apos;6.1&amp;apos;, java.version: &amp;apos;1.8.0_191&amp;apos;
Driver info: org.openqa.selenium.chrome.ChromeDriver
Capabilities {acceptInsecureCerts: false, acceptSslCerts: false, applicationCacheEnabled: false, browserConnectionEnabled: false, browserName: chrome, chrome: {chromedriverVersion: 2.46.628402 (536cd7adbad73a..., userDataDir: C:\Users\sprasad\AppData\Lo...}, cssSelectorsEnabled: true, databaseEnabled: false, goog:chromeOptions: {debuggerAddress: localhost:61034}, handlesAlerts: true, hasTouchScreen: false, javascriptEnabled: true, locationContextEnabled: true, mobileEmulationEnabled: false, nativeEvents: true, networkConnectionEnabled: false, pageLoadStrategy: normal, platform: XP, platformName: XP, proxy: Proxy(), rotatable: false, setWindowRect: true, strictFileInteractability: false, takesHeapSnapshot: true, takesScreenshot: true, timeouts: {implicit: 0, pageLoad: 300000, script: 30000}, unexpectedAlertBehaviour: ignore, unhandledPromptBehavior: ignore, version: 71.0.3578.98, webStorageEnabled: true}
Session ID: 1848325acb06a84a11695bfa912bbfb3
*** Element info: {Using=id, value=1_FirstName}">
      <![CDATA[org.openqa.selenium.NoSuchElementException: no such element: Unable to locate element: {"method":"id","selector":"1_FirstName"}
  (Session info: chrome=71.0.3578.98)
  (Driver info: chromedriver=2.46.628402 (536cd7adbad73a3783fdc2cab92ab2ba7ec361e1),platform=Windows NT 6.1.7601 SP1 x86_64) (WARNING: The server did not provide any stacktrace information)
Command duration or timeout: 0 milliseconds
For documentation on this error, please visit: http://seleniumhq.org/exceptions/no_such_element.html
Build info: version: '3.11.0', revision: 'e59cfb3', time: '2018-03-11T20:26:55.152Z'
System info: host: 'BLRDSPRASAD', ip: '10.201.70.132', os.name: 'Windows 7', os.arch: 'amd64', os.version: '6.1', java.version: '1.8.0_191'
Driver info: org.openqa.selenium.chrome.ChromeDriver
Capabilities {acceptInsecureCerts: false, acceptSslCerts: false, applicationCacheEnabled: false, browserConnectionEnabled: false, browserName: chrome, chrome: {chromedriverVersion: 2.46.628402 (536cd7adbad73a..., userDataDir: C:\Users\sprasad\AppData\Lo...}, cssSelectorsEnabled: true, databaseEnabled: false, goog:chromeOptions: {debuggerAddress: localhost:61034}, handlesAlerts: true, hasTouchScreen: false, javascriptEnabled: true, locationContextEnabled: true, mobileEmulationEnabled: false, nativeEvents: true, networkConnectionEnabled: false, pageLoadStrategy: normal, platform: XP, platformName: XP, proxy: Proxy(), rotatable: false, setWindowRect: true, strictFileInteractability: false, takesHeapSnapshot: true, takesScreenshot: true, timeouts: {implicit: 0, pageLoad: 300000, script: 30000}, unexpectedAlertBehaviour: ignore, unhandledPromptBehavior: ignore, version: 71.0.3578.98, webStorageEnabled: true}
Session ID: 1848325acb06a84a11695bfa912bbfb3
*** Element info: {Using=id, value=1_FirstName}
at sun.reflect.NativeConstructorAccessorImpl.newInstance0(Native Method)
at sun.reflect.NativeConstructorAccessorImpl.newInstance(NativeConstructorAccessorImpl.java:62)
at sun.reflect.DelegatingConstructorAccessorImpl.newInstance(DelegatingConstructorAccessorImpl.java:45)
at java.lang.reflect.Constructor.newInstance(Constructor.java:423)
at org.openqa.selenium.remote.ErrorHandler.createThrowable(ErrorHandler.java:214)
at org.openqa.selenium.remote.ErrorHandler.throwIfResponseFailed(ErrorHandler.java:166)
at org.openqa.selenium.remote.http.JsonHttpResponseCodec.reconstructValue(JsonHttpResponseCodec.java:40)
at org.openqa.selenium.remote.http.AbstractHttpResponseCodec.decode(AbstractHttpResponseCodec.java:80)
at org.openqa.selenium.remote.http.AbstractHttpResponseCodec.decode(AbstractHttpResponseCodec.java:44)
at org.openqa.selenium.remote.HttpCommandExecutor.execute(HttpCommandExecutor.java:158)
at org.openqa.selenium.remote.service.DriverCommandExecutor.execute(DriverCommandExecutor.java:83)
at org.openqa.selenium.remote.RemoteWebDriver.execute(RemoteWebDriver.java:545)
at org.openqa.selenium.remote.RemoteWebDriver.findElement(RemoteWebDriver.java:319)
at org.openqa.selenium.remote.RemoteWebDriver.findElementById(RemoteWebDriver.java:365)
at org.openqa.selenium.By$ById.findElement(By.java:218)
at org.openqa.selenium.remote.RemoteWebDriver.findElement(RemoteWebDriver.java:311)
at org.openqa.selenium.support.pagefactory.DefaultElementLocator.findElement(DefaultElementLocator.java:69)
at org.openqa.selenium.support.pagefactory.internal.LocatingElementHandler.invoke(LocatingElementHandler.java:38)
at com.sun.proxy.$Proxy29.getAttribute(Unknown Source)
at com.hotelhub.powermode.helpers.RegressionHelper.verifyExtractTravellerInformationInStep2(RegressionHelper.java:960)
at com.hotelhub.powermode.tests.RegressionTest.verificationOfUseTravellerDetailsFromPNROnStep3OnlineRatesAmadeusPNR(RegressionTest.java:710)
at sun.reflect.NativeMethodAccessorImpl.invoke0(Native Method)
at sun.reflect.NativeMethodAccessorImpl.invoke(NativeMethodAccessorImpl.java:62)
at sun.reflect.DelegatingMethodAccessorImpl.invoke(DelegatingMethodAccessorImpl.java:43)
at java.lang.reflect.Method.invoke(Method.java:498)
at org.testng.internal.MethodInvocationHelper.invokeMethod(MethodInvocationHelper.java:124)
at org.testng.internal.Invoker.invokeMethod(Invoker.java:583)
at org.testng.internal.Invoker.invokeTestMethod(Invoker.java:719)
at org.testng.internal.Invoker.invokeTestMethods(Invoker.java:989)
at org.testng.internal.TestMethodWorker.invokeTestMethods(TestMethodWorker.java:125)
at org.testng.internal.TestMethodWorker.run(TestMethodWorker.java:109)
at org.testng.TestRunner.privateRun(TestRunner.java:648)
at org.testng.TestRunner.run(TestRunner.java:505)
at org.testng.SuiteRunner.runTest(SuiteRunner.java:455)
at org.testng.SuiteRunner.runSequentially(SuiteRunner.java:450)
at org.testng.SuiteRunner.privateRun(SuiteRunner.java:415)
at org.testng.SuiteRunner.run(SuiteRunner.java:364)
at org.testng.SuiteRunnerWorker.runSuite(SuiteRunnerWorker.java:52)
at org.testng.SuiteRunnerWorker.run(SuiteRunnerWorker.java:84)
at org.testng.TestNG.runSuitesSequentially(TestNG.java:1208)
at org.testng.TestNG.runSuitesLocally(TestNG.java:1137)
at org.testng.TestNG.runSuites(TestNG.java:1049)
at org.testng.TestNG.run(TestNG.java:1017)
at org.testng.remote.AbstractRemoteTestNG.run(AbstractRemoteTestNG.java:114)
at org.testng.remote.RemoteTestNG.initAndRun(RemoteTestNG.java:251)
at org.testng.remote.RemoteTestNG.main(RemoteTestNG.java:77)
]]>
    </failure>
  </testcase> <!-- verificationOfUseTravellerDetailsFromPNROnStep3OnlineRatesAmadeusPNR -->
  <testcase name="verificationOfUseTravellerDetailsFromPNROnStep3OnlineRatesWhenPNRisNotAssociatedWithPaymentCard" time="31.149" classname="com.hotelhub.powermode.tests.RegressionTest"/>
  <testcase name="verificationOfUseTravellerDetailsFromPNROnStep3OnrequestRatesAmadeusPNR" time="32.819" classname="com.hotelhub.powermode.tests.RegressionTest"/>
  <testcase name="verificationOfDestinationSearchGoogle" time="0.0" classname="com.hotelhub.powermode.tests.RegressionTest">
    <ignored/>
  </testcase> <!-- verificationOfDestinationSearchGoogle -->
  <testcase name="verificationOfDestinationSearchAll" time="0.0" classname="com.hotelhub.powermode.tests.RegressionTest">
    <ignored/>
  </testcase> <!-- verificationOfDestinationSearchAll -->
  <testcase name="verificationOfBcomRatesDisplay" time="0.0" classname="com.hotelhub.powermode.tests.RegressionTest">
    <ignored/>
  </testcase> <!-- verificationOfBcomRatesDisplay -->
  <testcase name="verificationOfPreviousBookingFilter" time="0.0" classname="com.hotelhub.powermode.tests.RegressionTest">
    <ignored/>
  </testcase> <!-- verificationOfPreviousBookingFilter -->
  <testcase name="verificationOfCustomerSearchBox" time="0.0" classname="com.hotelhub.powermode.tests.RegressionTest">
    <ignored/>
  </testcase> <!-- verificationOfCustomerSearchBox -->
  <testcase name="verificationOfPNRGDSMismatchError" time="0.0" classname="com.hotelhub.powermode.tests.RegressionTest">
    <ignored/>
  </testcase> <!-- verificationOfPNRGDSMismatchError -->
  <testcase name="verificationOfSelectRateFunctionality" time="0.0" classname="com.hotelhub.powermode.tests.RegressionTest">
    <ignored/>
  </testcase> <!-- verificationOfSelectRateFunctionality -->
  <testcase name="verificationOfSabreRatesDisplay" time="0.0" classname="com.hotelhub.powermode.tests.RegressionTest">
    <ignored/>
  </testcase> <!-- verificationOfSabreRatesDisplay -->
  <testcase name="verificationOfDestinationSearchGoogleAndAirport" time="0.0" classname="com.hotelhub.powermode.tests.RegressionTest">
    <ignored/>
  </testcase> <!-- verificationOfDestinationSearchGoogleAndAirport -->
  <testcase name="verificationOfUseTravellerDetailsFromPNROnStep3OnlineRatesSabrePNR" time="0.0" classname="com.hotelhub.powermode.tests.RegressionTest">
    <ignored/>
  </testcase> <!-- verificationOfUseTravellerDetailsFromPNROnStep3OnlineRatesSabrePNR -->
  <testcase name="displayPreviouslySearchedPNRandCustomer" time="0.0" classname="com.hotelhub.powermode.tests.RegressionTest">
    <ignored/>
  </testcase> <!-- displayPreviouslySearchedPNRandCustomer -->
  <testcase name="verificationOfUseTravellerDetailsFromPNROnStep3OnrequestRatesWhenPNRisNotAssociatedWithPaymentCard" time="0.0" classname="com.hotelhub.powermode.tests.RegressionTest">
    <ignored/>
  </testcase> <!-- verificationOfUseTravellerDetailsFromPNROnStep3OnrequestRatesWhenPNRisNotAssociatedWithPaymentCard -->
  <testcase name="verificationOfPNRReadForGalileoGDS" time="0.0" classname="com.hotelhub.powermode.tests.RegressionTest">
    <ignored/>
  </testcase> <!-- verificationOfPNRReadForGalileoGDS -->
  <testcase name="verificationOfUseTravellerDetailsFromPNROnStep3OnrequestRatesWhenPNRisAssociatedWithPaymentCard" time="0.0" classname="com.hotelhub.powermode.tests.RegressionTest">
    <ignored/>
  </testcase> <!-- verificationOfUseTravellerDetailsFromPNROnStep3OnrequestRatesWhenPNRisAssociatedWithPaymentCard -->
  <testcase name="verificationOfUseTravellerDetailsFromPNROnStep3OnrequestRatesGalileoPNR" time="0.0" classname="com.hotelhub.powermode.tests.RegressionTest">
    <ignored/>
  </testcase> <!-- verificationOfUseTravellerDetailsFromPNROnStep3OnrequestRatesGalileoPNR -->
  <testcase name="verificationOfPNRReadForAmadeusGDS" time="0.0" classname="com.hotelhub.powermode.tests.RegressionTest">
    <ignored/>
  </testcase> <!-- verificationOfPNRReadForAmadeusGDS -->
  <testcase name="verificationOfDestinationSearchHotel" time="0.0" classname="com.hotelhub.powermode.tests.RegressionTest">
    <ignored/>
  </testcase> <!-- verificationOfDestinationSearchHotel -->
  <testcase name="verificationOfDestinationSearchAirport" time="0.0" classname="com.hotelhub.powermode.tests.RegressionTest">
    <ignored/>
  </testcase> <!-- verificationOfDestinationSearchAirport -->
  <testcase name="verificationOfHHEOnlineRatesDisplay" time="0.0" classname="com.hotelhub.powermode.tests.RegressionTest">
    <ignored/>
  </testcase> <!-- verificationOfHHEOnlineRatesDisplay -->
  <testcase name="verificationOfPNRReadForSABREGDS" time="0.0" classname="com.hotelhub.powermode.tests.RegressionTest">
    <ignored/>
  </testcase> <!-- verificationOfPNRReadForSABREGDS -->
  <testcase name="verificationOfPNRReadForApolloGDS" time="0.0" classname="com.hotelhub.powermode.tests.RegressionTest">
    <ignored/>
  </testcase> <!-- verificationOfPNRReadForApolloGDS -->
  <testcase name="verifyUserIsAbleToSelectCheckInCheckOutDates" time="0.0" classname="com.hotelhub.powermode.tests.RegressionTest">
    <ignored/>
  </testcase> <!-- verifyUserIsAbleToSelectCheckInCheckOutDates -->
  <testcase name="verificationOfDestinationSearchGoogleAndHotel" time="0.0" classname="com.hotelhub.powermode.tests.RegressionTest">
    <ignored/>
  </testcase> <!-- verificationOfDestinationSearchGoogleAndHotel -->
  <testcase name="verificationOfHHEOnrequestRatesDisplay" time="0.0" classname="com.hotelhub.powermode.tests.RegressionTest">
    <ignored/>
  </testcase> <!-- verificationOfHHEOnrequestRatesDisplay -->
  <testcase name="verificationOfUseTravellerDetailsFromPNROnStep3OnlineRatesWhenPNRisAssociatedWithPaymentCard" time="0.0" classname="com.hotelhub.powermode.tests.RegressionTest">
    <ignored/>
  </testcase> <!-- verificationOfUseTravellerDetailsFromPNROnStep3OnlineRatesWhenPNRisAssociatedWithPaymentCard -->
  <testcase name="verificationOfHotelInformation" time="0.0" classname="com.hotelhub.powermode.tests.RegressionTest">
    <ignored/>
  </testcase> <!-- verificationOfHotelInformation -->
  <testcase name="verificationOfAmadeusRatesDisplay" time="0.0" classname="com.hotelhub.powermode.tests.RegressionTest">
    <ignored/>
  </testcase> <!-- verificationOfAmadeusRatesDisplay -->
  <testcase name="verificationOfCheckInCheckOutDate" time="0.0" classname="com.hotelhub.powermode.tests.RegressionTest">
    <ignored/>
  </testcase> <!-- verificationOfCheckInCheckOutDate -->
  <testcase name="verificationOfUseTravellerDetailsFromPNROnStep3OnrequestRatesSabrePNR" time="0.0" classname="com.hotelhub.powermode.tests.RegressionTest">
    <ignored/>
  </testcase> <!-- verificationOfUseTravellerDetailsFromPNROnStep3OnrequestRatesSabrePNR -->
  <testcase name="verificationOfUseTravellerDetailsFromPNROnStep3OnlineRatesGalileoPNR" time="0.0" classname="com.hotelhub.powermode.tests.RegressionTest">
    <ignored/>
  </testcase> <!-- verificationOfUseTravellerDetailsFromPNROnStep3OnlineRatesGalileoPNR -->
  <testcase name="verificationOfDestinationSearchAirportAndHotel" time="0.0" classname="com.hotelhub.powermode.tests.RegressionTest">
    <ignored/>
  </testcase> <!-- verificationOfDestinationSearchAirportAndHotel -->
</testsuite> <!-- GRP-demo -->
