<?xml version="1.0" encoding="UTF-8"?>
<!-- Generated by org.testng.reporters.JUnitXMLReporter -->
<testsuite hostname="BLRDSPRASAD" ignored="46" name="Power Mode Tests" tests="1" failures="1" timestamp="25 Apr 2019 08:43:41 GMT" time="25.976" errors="0">
  <testcase name="HHEbookingWithAutoBookFeature" time="14.892" classname="com.hotelhub.powermode.tests.HotelBookingTest">
    <failure type="org.openqa.selenium.WebDriverException" message="unknown error: Element is not clickable at point (81, 665)
  (Session info: chrome=71.0.3578.98)
  (Driver info: chromedriver=2.46.628402 (536cd7adbad73a3783fdc2cab92ab2ba7ec361e1),platform=Windows NT 6.1.7601 SP1 x86_64) (WARNING: The server did not provide any stacktrace information)
Command duration or timeout: 0 milliseconds
Build info: version: &amp;apos;3.11.0&amp;apos;, revision: &amp;apos;e59cfb3&amp;apos;, time: &amp;apos;2018-03-11T20:26:55.152Z&amp;apos;
System info: host: &amp;apos;BLRDSPRASAD&amp;apos;, ip: &amp;apos;10.201.70.132&amp;apos;, os.name: &amp;apos;Windows 7&amp;apos;, os.arch: &amp;apos;amd64&amp;apos;, os.version: &amp;apos;6.1&amp;apos;, java.version: &amp;apos;1.8.0_191&amp;apos;
Driver info: org.openqa.selenium.chrome.ChromeDriver
Capabilities {acceptInsecureCerts: false, acceptSslCerts: false, applicationCacheEnabled: false, browserConnectionEnabled: false, browserName: chrome, chrome: {chromedriverVersion: 2.46.628402 (536cd7adbad73a..., userDataDir: C:\Users\sprasad\AppData\Lo...}, cssSelectorsEnabled: true, databaseEnabled: false, goog:chromeOptions: {debuggerAddress: localhost:56197}, handlesAlerts: true, hasTouchScreen: false, javascriptEnabled: true, locationContextEnabled: true, mobileEmulationEnabled: false, nativeEvents: true, networkConnectionEnabled: false, pageLoadStrategy: normal, platform: XP, platformName: XP, proxy: Proxy(), rotatable: false, setWindowRect: true, strictFileInteractability: false, takesHeapSnapshot: true, takesScreenshot: true, timeouts: {implicit: 0, pageLoad: 300000, script: 30000}, unexpectedAlertBehaviour: ignore, unhandledPromptBehavior: ignore, version: 71.0.3578.98, webStorageEnabled: true}
Session ID: 615c1a05020662f5ab6d21f4367ed68c">
      <![CDATA[org.openqa.selenium.WebDriverException: unknown error: Element is not clickable at point (81, 665)
  (Session info: chrome=71.0.3578.98)
  (Driver info: chromedriver=2.46.628402 (536cd7adbad73a3783fdc2cab92ab2ba7ec361e1),platform=Windows NT 6.1.7601 SP1 x86_64) (WARNING: The server did not provide any stacktrace information)
Command duration or timeout: 0 milliseconds
Build info: version: '3.11.0', revision: 'e59cfb3', time: '2018-03-11T20:26:55.152Z'
System info: host: 'BLRDSPRASAD', ip: '10.201.70.132', os.name: 'Windows 7', os.arch: 'amd64', os.version: '6.1', java.version: '1.8.0_191'
Driver info: org.openqa.selenium.chrome.ChromeDriver
Capabilities {acceptInsecureCerts: false, acceptSslCerts: false, applicationCacheEnabled: false, browserConnectionEnabled: false, browserName: chrome, chrome: {chromedriverVersion: 2.46.628402 (536cd7adbad73a..., userDataDir: C:\Users\sprasad\AppData\Lo...}, cssSelectorsEnabled: true, databaseEnabled: false, goog:chromeOptions: {debuggerAddress: localhost:56197}, handlesAlerts: true, hasTouchScreen: false, javascriptEnabled: true, locationContextEnabled: true, mobileEmulationEnabled: false, nativeEvents: true, networkConnectionEnabled: false, pageLoadStrategy: normal, platform: XP, platformName: XP, proxy: Proxy(), rotatable: false, setWindowRect: true, strictFileInteractability: false, takesHeapSnapshot: true, takesScreenshot: true, timeouts: {implicit: 0, pageLoad: 300000, script: 30000}, unexpectedAlertBehaviour: ignore, unhandledPromptBehavior: ignore, version: 71.0.3578.98, webStorageEnabled: true}
Session ID: 615c1a05020662f5ab6d21f4367ed68c
at org.openqa.selenium.remote.ErrorHandler.createThrowable(ErrorHandler.java:214)
at org.openqa.selenium.remote.ErrorHandler.throwIfResponseFailed(ErrorHandler.java:166)
at org.openqa.selenium.remote.http.JsonHttpResponseCodec.reconstructValue(JsonHttpResponseCodec.java:40)
at org.openqa.selenium.remote.http.AbstractHttpResponseCodec.decode(AbstractHttpResponseCodec.java:80)
at org.openqa.selenium.remote.http.AbstractHttpResponseCodec.decode(AbstractHttpResponseCodec.java:44)
at org.openqa.selenium.remote.HttpCommandExecutor.execute(HttpCommandExecutor.java:158)
at org.openqa.selenium.remote.service.DriverCommandExecutor.execute(DriverCommandExecutor.java:83)
at org.openqa.selenium.remote.RemoteWebDriver.execute(RemoteWebDriver.java:545)
at org.openqa.selenium.remote.RemoteWebElement.execute(RemoteWebElement.java:279)
at org.openqa.selenium.remote.RemoteWebElement.click(RemoteWebElement.java:83)
at org.openqa.selenium.support.pagefactory.internal.LocatingElementHandler.invoke(LocatingElementHandler.java:51)
at com.sun.proxy.$Proxy48.click(Unknown Source)
at com.hotelhub.powermode.helpers.HotelBookingHelper.selectCheckInCheckOutDate(HotelBookingHelper.java:185)
at com.hotelhub.powermode.tests.HotelBookingTest.HHEbookingWithAutoBookFeature(HotelBookingTest.java:268)
at org.apache.maven.plugin.surefire.InPluginVMSurefireStarter.runSuitesInProcess(InPluginVMSurefireStarter.java:74)
at org.apache.maven.plugin.surefire.AbstractSurefireMojo.executeProvider(AbstractSurefireMojo.java:194)
at org.apache.maven.plugin.surefire.AbstractSurefireMojo.executeAllProviders(AbstractSurefireMojo.java:176)
at org.apache.maven.plugin.surefire.AbstractSurefireMojo.executeAfterPreconditionsChecked(AbstractSurefireMojo.java:135)
at org.apache.maven.plugin.surefire.AbstractSurefireMojo.execute(AbstractSurefireMojo.java:98)
at org.apache.maven.plugin.DefaultBuildPluginManager.executeMojo(DefaultBuildPluginManager.java:137)
at org.apache.maven.lifecycle.internal.MojoExecutor.execute(MojoExecutor.java:208)
at org.apache.maven.lifecycle.internal.MojoExecutor.execute(MojoExecutor.java:154)
at org.apache.maven.lifecycle.internal.MojoExecutor.execute(MojoExecutor.java:146)
at org.apache.maven.lifecycle.internal.LifecycleModuleBuilder.buildProject(LifecycleModuleBuilder.java:117)
at org.apache.maven.lifecycle.internal.LifecycleModuleBuilder.buildProject(LifecycleModuleBuilder.java:81)
at org.apache.maven.lifecycle.internal.builder.singlethreaded.SingleThreadedBuilder.build(SingleThreadedBuilder.java:56)
at org.apache.maven.lifecycle.internal.LifecycleStarter.execute(LifecycleStarter.java:128)
at org.apache.maven.DefaultMaven.doExecute(DefaultMaven.java:305)
at org.apache.maven.DefaultMaven.doExecute(DefaultMaven.java:192)
at org.apache.maven.DefaultMaven.execute(DefaultMaven.java:105)
at org.apache.maven.cli.MavenCli.execute(MavenCli.java:954)
at org.apache.maven.cli.MavenCli.doMain(MavenCli.java:288)
at org.apache.maven.cli.MavenCli.main(MavenCli.java:192)
at org.codehaus.plexus.classworlds.launcher.Launcher.launchEnhanced(Launcher.java:289)
at org.codehaus.plexus.classworlds.launcher.Launcher.launch(Launcher.java:229)
at org.codehaus.plexus.classworlds.launcher.Launcher.mainWithExitCode(Launcher.java:415)
at org.codehaus.plexus.classworlds.launcher.Launcher.main(Launcher.java:356)
... Removed 44 stack frames]]>
    </failure>
  </testcase> <!-- HHEbookingWithAutoBookFeature -->
  <testcase name="verificationOfDestinationSearchGoogle" time="0.0" classname="com.hotelhub.powermode.tests.RegressionTest">
    <ignored/>
  </testcase> <!-- verificationOfDestinationSearchGoogle -->
  <testcase name="HHEbookingByAddingNewVISACard" time="0.0" classname="com.hotelhub.powermode.tests.HotelBookingTest">
    <ignored/>
  </testcase> <!-- HHEbookingByAddingNewVISACard -->
  <testcase name="verificationOfDestinationSearchAll" time="0.0" classname="com.hotelhub.powermode.tests.RegressionTest">
    <ignored/>
  </testcase> <!-- verificationOfDestinationSearchAll -->
  <testcase name="verificationOfBcomRatesDisplay" time="0.0" classname="com.hotelhub.powermode.tests.RegressionTest">
    <ignored/>
  </testcase> <!-- verificationOfBcomRatesDisplay -->
  <testcase name="verificationOfPreviousBookingFilter" time="0.0" classname="com.hotelhub.powermode.tests.RegressionTest">
    <ignored/>
  </testcase> <!-- verificationOfPreviousBookingFilter -->
  <testcase name="verificationOfCustomerSearchBox" time="0.0" classname="com.hotelhub.powermode.tests.RegressionTest">
    <ignored/>
  </testcase> <!-- verificationOfCustomerSearchBox -->
  <testcase name="verificationOfPNRGDSMismatchError" time="0.0" classname="com.hotelhub.powermode.tests.RegressionTest">
    <ignored/>
  </testcase> <!-- verificationOfPNRGDSMismatchError -->
  <testcase name="verificationOfSelectRateFunctionality" time="0.0" classname="com.hotelhub.powermode.tests.RegressionTest">
    <ignored/>
  </testcase> <!-- verificationOfSelectRateFunctionality -->
  <testcase name="verificationOfSabreRatesDisplay" time="0.0" classname="com.hotelhub.powermode.tests.RegressionTest">
    <ignored/>
  </testcase> <!-- verificationOfSabreRatesDisplay -->
  <testcase name="verificationOfDestinationSearchGoogleAndAirport" time="0.0" classname="com.hotelhub.powermode.tests.RegressionTest">
    <ignored/>
  </testcase> <!-- verificationOfDestinationSearchGoogleAndAirport -->
  <testcase name="verificationOfUseTravellerDetailsFromPNROnStep3OnrequestRatesAmadeusPNR" time="0.0" classname="com.hotelhub.powermode.tests.RegressionTest">
    <ignored/>
  </testcase> <!-- verificationOfUseTravellerDetailsFromPNROnStep3OnrequestRatesAmadeusPNR -->
  <testcase name="BCOMbookingWithVISACard" time="0.0" classname="com.hotelhub.powermode.tests.DevTest">
    <ignored/>
  </testcase> <!-- BCOMbookingWithVISACard -->
  <testcase name="verificationOfUseTravellerDetailsFromPNROnStep3OnlineRatesSabrePNR" time="0.0" classname="com.hotelhub.powermode.tests.RegressionTest">
    <ignored/>
  </testcase> <!-- verificationOfUseTravellerDetailsFromPNROnStep3OnlineRatesSabrePNR -->
  <testcase name="displayPreviouslySearchedPNRandCustomer" time="0.0" classname="com.hotelhub.powermode.tests.RegressionTest">
    <ignored/>
  </testcase> <!-- displayPreviouslySearchedPNRandCustomer -->
  <testcase name="verificationOfUseTravellerDetailsFromPNROnStep3OnrequestRatesWhenPNRisNotAssociatedWithPaymentCard" time="0.0" classname="com.hotelhub.powermode.tests.RegressionTest">
    <ignored/>
  </testcase> <!-- verificationOfUseTravellerDetailsFromPNROnStep3OnrequestRatesWhenPNRisNotAssociatedWithPaymentCard -->
  <testcase name="@AfterTest copyExtent" time="0.0" classname="base.Base">
    <ignored/>
  </testcase> <!-- @AfterTest copyExtent -->
  <testcase name="@AfterTest copyExtent" time="0.0" classname="base.Base">
    <ignored/>
  </testcase> <!-- @AfterTest copyExtent -->
  <testcase name="verificationOfPNRReadForGalileoGDS" time="0.0" classname="com.hotelhub.powermode.tests.RegressionTest">
    <ignored/>
  </testcase> <!-- verificationOfPNRReadForGalileoGDS -->
  <testcase name="verificationOfUseTravellerDetailsFromPNROnStep3OnrequestRatesWhenPNRisAssociatedWithPaymentCard" time="0.0" classname="com.hotelhub.powermode.tests.RegressionTest">
    <ignored/>
  </testcase> <!-- verificationOfUseTravellerDetailsFromPNROnStep3OnrequestRatesWhenPNRisAssociatedWithPaymentCard -->
  <testcase name="BCOMbookingByAddingNewAMEXCard" time="0.0" classname="com.hotelhub.powermode.tests.HotelBookingTest">
    <ignored/>
  </testcase> <!-- BCOMbookingByAddingNewAMEXCard -->
  <testcase name="verificationOfUseTravellerDetailsFromPNROnStep3OnrequestRatesGalileoPNR" time="0.0" classname="com.hotelhub.powermode.tests.RegressionTest">
    <ignored/>
  </testcase> <!-- verificationOfUseTravellerDetailsFromPNROnStep3OnrequestRatesGalileoPNR -->
  <testcase name="verificationOfPNRReadForAmadeusGDS" time="0.0" classname="com.hotelhub.powermode.tests.RegressionTest">
    <ignored/>
  </testcase> <!-- verificationOfPNRReadForAmadeusGDS -->
  <testcase name="verificationOfDestinationSearchHotel" time="0.0" classname="com.hotelhub.powermode.tests.RegressionTest">
    <ignored/>
  </testcase> <!-- verificationOfDestinationSearchHotel -->
  <testcase name="verificationOfDestinationSearchAirport" time="0.0" classname="com.hotelhub.powermode.tests.RegressionTest">
    <ignored/>
  </testcase> <!-- verificationOfDestinationSearchAirport -->
  <testcase name="verificationOfHHEOnlineRatesDisplay" time="0.0" classname="com.hotelhub.powermode.tests.RegressionTest">
    <ignored/>
  </testcase> <!-- verificationOfHHEOnlineRatesDisplay -->
  <testcase name="loginTest" time="0.0" classname="com.hotelhub.powermode.tests.HotelBookingTest">
    <ignored/>
  </testcase> <!-- loginTest -->
  <testcase name="verificationOfPNRReadForSABREGDS" time="0.0" classname="com.hotelhub.powermode.tests.RegressionTest">
    <ignored/>
  </testcase> <!-- verificationOfPNRReadForSABREGDS -->
  <testcase name="verificationOfPNRReadForApolloGDS" time="0.0" classname="com.hotelhub.powermode.tests.RegressionTest">
    <ignored/>
  </testcase> <!-- verificationOfPNRReadForApolloGDS -->
  <testcase name="verificationOfUseTravellerDetailsFromPNROnStep3OnlineRatesWhenPNRisNotAssociatedWithPaymentCard" time="0.0" classname="com.hotelhub.powermode.tests.RegressionTest">
    <ignored/>
  </testcase> <!-- verificationOfUseTravellerDetailsFromPNROnStep3OnlineRatesWhenPNRisNotAssociatedWithPaymentCard -->
  <testcase name="verifyUserIsAbleToSelectCheckInCheckOutDates" time="0.0" classname="com.hotelhub.powermode.tests.RegressionTest">
    <ignored/>
  </testcase> <!-- verifyUserIsAbleToSelectCheckInCheckOutDates -->
  <testcase name="verificationOfDestinationSearchGoogleAndHotel" time="0.0" classname="com.hotelhub.powermode.tests.RegressionTest">
    <ignored/>
  </testcase> <!-- verificationOfDestinationSearchGoogleAndHotel -->
  <testcase name="OnRequestBookingFulfillNow" time="0.0" classname="com.hotelhub.powermode.tests.HotelBookingTest">
    <ignored/>
  </testcase> <!-- OnRequestBookingFulfillNow -->
  <testcase name="verificationOfHHEOnrequestRatesDisplay" time="0.0" classname="com.hotelhub.powermode.tests.RegressionTest">
    <ignored/>
  </testcase> <!-- verificationOfHHEOnrequestRatesDisplay -->
  <testcase name="verificationOfUseTravellerDetailsFromPNROnStep3OnlineRatesWhenPNRisAssociatedWithPaymentCard" time="0.0" classname="com.hotelhub.powermode.tests.RegressionTest">
    <ignored/>
  </testcase> <!-- verificationOfUseTravellerDetailsFromPNROnStep3OnlineRatesWhenPNRisAssociatedWithPaymentCard -->
  <testcase name="verificationOfUseTravellerDetailsFromPNROnStep3OnlineRatesAmadeusPNR" time="0.0" classname="com.hotelhub.powermode.tests.RegressionTest">
    <ignored/>
  </testcase> <!-- verificationOfUseTravellerDetailsFromPNROnStep3OnlineRatesAmadeusPNR -->
  <testcase name="BCOMbookingWithAutoBookFeature" time="0.0" classname="com.hotelhub.powermode.tests.HotelBookingTest">
    <ignored/>
  </testcase> <!-- BCOMbookingWithAutoBookFeature -->
  <testcase name="verificationOfHotelInformation" time="0.0" classname="com.hotelhub.powermode.tests.RegressionTest">
    <ignored/>
  </testcase> <!-- verificationOfHotelInformation -->
  <testcase name="verificationOfAmadeusRatesDisplay" time="0.0" classname="com.hotelhub.powermode.tests.RegressionTest">
    <ignored/>
  </testcase> <!-- verificationOfAmadeusRatesDisplay -->
  <testcase name="BCOMbookingByAddingNewVISACard" time="0.0" classname="com.hotelhub.powermode.tests.HotelBookingTest">
    <ignored/>
  </testcase> <!-- BCOMbookingByAddingNewVISACard -->
  <testcase name="BCOMbookingWithPortraitCard" time="0.0" classname="com.hotelhub.powermode.tests.HotelBookingTest">
    <ignored/>
  </testcase> <!-- BCOMbookingWithPortraitCard -->
  <testcase name="verificationOfCheckInCheckOutDate" time="0.0" classname="com.hotelhub.powermode.tests.RegressionTest">
    <ignored/>
  </testcase> <!-- verificationOfCheckInCheckOutDate -->
  <testcase name="verificationOfUseTravellerDetailsFromPNROnStep3OnrequestRatesSabrePNR" time="0.0" classname="com.hotelhub.powermode.tests.RegressionTest">
    <ignored/>
  </testcase> <!-- verificationOfUseTravellerDetailsFromPNROnStep3OnrequestRatesSabrePNR -->
  <testcase name="verificationOfUseTravellerDetailsFromPNROnStep3OnlineRatesGalileoPNR" time="0.0" classname="com.hotelhub.powermode.tests.RegressionTest">
    <ignored/>
  </testcase> <!-- verificationOfUseTravellerDetailsFromPNROnStep3OnlineRatesGalileoPNR -->
  <testcase name="HHEbookingByAddingNewAMEXCard" time="0.0" classname="com.hotelhub.powermode.tests.HotelBookingTest">
    <ignored/>
  </testcase> <!-- HHEbookingByAddingNewAMEXCard -->
  <testcase name="HHEbookingWithPortraitCard" time="0.0" classname="com.hotelhub.powermode.tests.HotelBookingTest">
    <ignored/>
  </testcase> <!-- HHEbookingWithPortraitCard -->
  <testcase name="verificationOfDestinationSearchAirportAndHotel" time="0.0" classname="com.hotelhub.powermode.tests.RegressionTest">
    <ignored/>
  </testcase> <!-- verificationOfDestinationSearchAirportAndHotel -->
</testsuite> <!-- Power Mode Tests -->
